2021/08/02 11:53:19 にビルドを開始しました。
     1>ノード 2 上のプロジェクト "C:\Users\81802\Desktop\Repository Game2\Game2\3Dゲーム制作\GameProgramming\GameProgramming.vcxproj" (Build ターゲット)。
     1>Link:
         C:\Program Files (x86)\Microsoft Visual Studio 12.0\VC\bin\link.exe /ERRORREPORT:PROMPT /OUT:"C:\Users\81802\Desktop\Repository Game2\Game2\3Dゲーム制作\Debug\GameProgramming.exe" /INCREMENTAL /NOLOGO glew32.lib glfw3.lib glfw3dll.lib glut32.lib kernel32.lib user32.lib gdi32.lib winspool.lib comdlg32.lib advapi32.lib shell32.lib ole32.lib oleaut32.lib uuid.lib odbc32.lib odbccp32.lib /MANIFEST /MANIFESTUAC:"level='asInvoker' uiAccess='false'" /manifest:embed /DEBUG /PDB:"C:\Users\81802\Desktop\Repository Game2\Game2\3Dゲーム制作\Debug\GameProgramming.pdb" /TLBID:1 /DYNAMICBASE /NXCOMPAT /IMPLIB:"C:\Users\81802\Desktop\Repository Game2\Game2\3Dゲーム制作\Debug\GameProgramming.lib" /MACHINE:X86 Debug\CBillBoard.obj
         Debug\CBullet.obj
         Debug\CCamera.obj
         Debug\CCharacter.obj
         Debug\CCollider.obj
         Debug\CColliderLine.obj
         Debug\CColliderMesh.obj
         Debug\CColliderTriangle.obj
         Debug\CCollisionManager.obj
         Debug\CCube.obj
         Debug\CEffect.obj
         Debug\CEnemy.obj
         Debug\CItem.obj
         Debug\CKey.obj
         Debug\CMaterial.obj
         Debug\CMatrix.obj
         Debug\CModel.obj
         Debug\CPlayer.obj
         Debug\CSceneGame.obj
         Debug\CSceneManager.obj
         Debug\CSound.obj
         Debug\CTaskManager.obj
         Debug\CText.obj
         Debug\CTexture.obj
         Debug\CTransform.obj
         Debug\CTriangle.obj
         Debug\CUtil.obj
         Debug\CVector.obj
         Debug\Update.obj
         Debug\main.obj
     1>LINK : warning LNK4098: defaultlib 'MSVCRT' は他のライブラリの使用と競合しています。/NODEFAULTLIB:library を使用してください。
         GameProgramming.vcxproj -> C:\Users\81802\Desktop\Repository Game2\Game2\3Dゲーム制作\Debug\GameProgramming.exe
     1>プロジェクト "C:\Users\81802\Desktop\Repository Game2\Game2\3Dゲーム制作\GameProgramming\GameProgramming.vcxproj" (Build ターゲット) のビルドが完了しました。

ビルドに成功しました。

経過時間 00:00:00.50
